c:\бгту\яп\lab 3\lp_lab03\lp_lab03\debug\vc141.pdb
c:\бгту\яп\lab 3\lp_lab03\lp_lab03\debug\vc141.idb
c:\бгту\яп\lab 3\lp_lab03\lp_lab03\debug\lp_lab03.obj
c:\бгту\яп\lab 3\lp_lab03\debug\lp_lab03.ilk
c:\бгту\яп\lab 3\lp_lab03\debug\lp_lab03.exe
c:\бгту\яп\lab 3\lp_lab03\debug\lp_lab03.pdb
f:\бгту\яп\lab 3\lp_lab03\lp_lab03\debug\lp_lab03.obj
f:\бгту\яп\lab 3\lp_lab03\lp_lab03\debug\vc140.idb
f:\бгту\яп\lab 3\lp_lab03\lp_lab03\debug\vc141.idb
f:\бгту\яп\lab 3\lp_lab03\lp_lab03\debug\vc140.pdb
f:\бгту\яп\lab 3\lp_lab03\lp_lab03\debug\vc141.pdb
f:\бгту\яп\lab 3\lp_lab03\debug\lp_lab03.pdb
f:\бгту\яп\lab 3\lp_lab03\debug\lp_lab03.exe
f:\бгту\яп\lab 3\lp_lab03\debug\lp_lab03.ilk
f:\бгту\яп\lab 3\lp_lab03\lp_lab03\debug\lp_lab03.tlog\cl.command.1.tlog
f:\бгту\яп\lab 3\lp_lab03\lp_lab03\debug\lp_lab03.tlog\cl.read.1.tlog
f:\бгту\яп\lab 3\lp_lab03\lp_lab03\debug\lp_lab03.tlog\cl.write.1.tlog
f:\бгту\яп\lab 3\lp_lab03\lp_lab03\debug\lp_lab03.tlog\link.command.1.tlog
f:\бгту\яп\lab 3\lp_lab03\lp_lab03\debug\lp_lab03.tlog\link.delete.1.tlog
f:\бгту\яп\lab 3\lp_lab03\lp_lab03\debug\lp_lab03.tlog\link.read.1.tlog
f:\бгту\яп\lab 3\lp_lab03\lp_lab03\debug\lp_lab03.tlog\link.write.1.tlog
