Сборка начата 04.10.2019 0:26:39.
     1>Проект "C:\БГТУ\ЯП\lab_4\LP_Lab04\LP_Lab04\LP_Lab04.vcxproj" в узле 2 (целевые объекты Build).
     1>InitializeBuildStatus:
         Обращение к "Debug\LP_Lab04.tlog\unsuccessfulbuild".
       ClCompile:
         C:\Program Files (x86)\Microsoft Visual Studio\2017\Community\VC\Tools\MSVC\14.16.27023\bin\HostX86\x86\CL.exe /c /ZI /JMC /nologo /W3 /WX- /diagnostics:classic /sdl /Od /Oy- /D _MBCS /Gm- /EHsc /RTC1 /MDd /GS /fp:precise /Zc:wchar_t /Zc:forScope /Zc:inline /Fo"Debug\\" /Fd"Debug\vc141.pdb" /Gd /TP /analyze- /FC /errorReport:prompt LP_Lab04.cpp
         LP_Lab04.cpp
     1>c:\бгту\яп\lab_4\lp_lab04\lp_lab04\lp_lab04.cpp(13): warning C4305: инициализация: усечение из "__int64" в "bool"
     1>c:\бгту\яп\lab_4\lp_lab04\lp_lab04\lp_lab04.cpp(21): warning C4309: инициализация: усечение константного значения
     1>c:\бгту\яп\lab_4\lp_lab04\lp_lab04\lp_lab04.cpp(32): warning C4305: инициализация: усечение из "__int64" в "long"
     1>c:\бгту\яп\lab_4\lp_lab04\lp_lab04\lp_lab04.cpp(32): warning C4309: инициализация: усечение константного значения
     1>c:\бгту\яп\lab_4\lp_lab04\lp_lab04\lp_lab04.cpp(33): warning C4305: инициализация: усечение из "unsigned __int64" в "long"
     1>c:\бгту\яп\lab_4\lp_lab04\lp_lab04\lp_lab04.cpp(33): warning C4309: инициализация: усечение константного значения
     1>c:\бгту\яп\lab_4\lp_lab04\lp_lab04\lp_lab04.cpp(34): warning C4309: инициализация: усечение константного значения
     1>c:\бгту\яп\lab_4\lp_lab04\lp_lab04\lp_lab04.cpp(69): warning C4215: нестандартное расширение: long float
     1>c:\бгту\яп\lab_4\lp_lab04\lp_lab04\lp_lab04.cpp(56): warning C4723: возможное деление на 0
     1>c:\бгту\яп\lab_4\lp_lab04\lp_lab04\lp_lab04.cpp(57): warning C4723: возможное деление на 0
       Link:
         C:\Program Files (x86)\Microsoft Visual Studio\2017\Community\VC\Tools\MSVC\14.16.27023\bin\HostX86\x86\link.exe /ERRORREPORT:PROMPT /OUT:"C:\БГТУ\ЯП\lab_4\LP_Lab04\Debug\LP_Lab04.exe" /INCREMENTAL /NOLOGO kernel32.lib user32.lib gdi32.lib winspool.lib comdlg32.lib advapi32.lib shell32.lib ole32.lib oleaut32.lib uuid.lib odbc32.lib odbccp32.lib /MANIFEST /MANIFESTUAC:"level='asInvoker' uiAccess='false'" /manifest:embed /DEBUG:FASTLINK /PDB:"C:\БГТУ\ЯП\lab_4\LP_Lab04\Debug\LP_Lab04.pdb" /TLBID:1 /DYNAMICBASE /NXCOMPAT /IMPLIB:"C:\БГТУ\ЯП\lab_4\LP_Lab04\Debug\LP_Lab04.lib" /MACHINE:X86 Debug\LP_Lab04.obj
         LP_Lab04.vcxproj -> C:\БГТУ\ЯП\lab_4\LP_Lab04\Debug\LP_Lab04.exe
       FinalizeBuildStatus:
         Файл "Debug\LP_Lab04.tlog\unsuccessfulbuild" удаляется.
         Обращение к "Debug\LP_Lab04.tlog\LP_Lab04.lastbuildstate".
     1>Сборка проекта "C:\БГТУ\ЯП\lab_4\LP_Lab04\LP_Lab04\LP_Lab04.vcxproj" завершена (целевые объекты Build).

Сборка успешно завершена.

       "C:\БГТУ\ЯП\lab_4\LP_Lab04\LP_Lab04\LP_Lab04.vcxproj" (целевой объект Build ) (1) ->
       (ClCompile конечный объект) -> 
         c:\бгту\яп\lab_4\lp_lab04\lp_lab04\lp_lab04.cpp(13): warning C4305: инициализация: усечение из "__int64" в "bool"
         c:\бгту\яп\lab_4\lp_lab04\lp_lab04\lp_lab04.cpp(21): warning C4309: инициализация: усечение константного значения
         c:\бгту\яп\lab_4\lp_lab04\lp_lab04\lp_lab04.cpp(32): warning C4305: инициализация: усечение из "__int64" в "long"
         c:\бгту\яп\lab_4\lp_lab04\lp_lab04\lp_lab04.cpp(32): warning C4309: инициализация: усечение константного значения
         c:\бгту\яп\lab_4\lp_lab04\lp_lab04\lp_lab04.cpp(33): warning C4305: инициализация: усечение из "unsigned __int64" в "long"
         c:\бгту\яп\lab_4\lp_lab04\lp_lab04\lp_lab04.cpp(33): warning C4309: инициализация: усечение константного значения
         c:\бгту\яп\lab_4\lp_lab04\lp_lab04\lp_lab04.cpp(34): warning C4309: инициализация: усечение константного значения
         c:\бгту\яп\lab_4\lp_lab04\lp_lab04\lp_lab04.cpp(69): warning C4215: нестандартное расширение: long float
         c:\бгту\яп\lab_4\lp_lab04\lp_lab04\lp_lab04.cpp(56): warning C4723: возможное деление на 0
         c:\бгту\яп\lab_4\lp_lab04\lp_lab04\lp_lab04.cpp(57): warning C4723: возможное деление на 0

    Предупреждений: 10
    Ошибок: 0

Прошло времени 00:00:02.90
