c:\бгту\яп\lab 4\lp_lab04\lp_lab04\debug\vc141.pdb
c:\бгту\яп\lab 4\lp_lab04\lp_lab04\debug\vc141.idb
c:\бгту\яп\lab 4\lp_lab04\lp_lab04\debug\lp_lab04.obj
c:\бгту\яп\lab 4\lp_lab04\debug\lp_lab04.exe
c:\бгту\яп\lab 4\lp_lab04\debug\lp_lab04.ilk
c:\бгту\яп\lab 4\lp_lab04\debug\lp_lab04.pdb
f:\бгту\яп\lab 4\lp_lab04\lp_lab04\debug\lp_lab04.obj
f:\бгту\яп\lab 4\lp_lab04\lp_lab04\debug\vc140.idb
f:\бгту\яп\lab 4\lp_lab04\lp_lab04\debug\vc141.idb
f:\бгту\яп\lab 4\lp_lab04\lp_lab04\debug\vc140.pdb
f:\бгту\яп\lab 4\lp_lab04\lp_lab04\debug\vc141.pdb
f:\бгту\яп\lab 4\lp_lab04\debug\lp_lab04.pdb
f:\бгту\яп\lab 4\lp_lab04\debug\lp_lab04.exe
f:\бгту\яп\lab 4\lp_lab04\debug\lp_lab04.ilk
f:\бгту\яп\lab 4\lp_lab04\lp_lab04\debug\lp_lab04.tlog\cl.command.1.tlog
f:\бгту\яп\lab 4\lp_lab04\lp_lab04\debug\lp_lab04.tlog\cl.read.1.tlog
f:\бгту\яп\lab 4\lp_lab04\lp_lab04\debug\lp_lab04.tlog\cl.write.1.tlog
f:\бгту\яп\lab 4\lp_lab04\lp_lab04\debug\lp_lab04.tlog\link.command.1.tlog
f:\бгту\яп\lab 4\lp_lab04\lp_lab04\debug\lp_lab04.tlog\link.delete.1.tlog
f:\бгту\яп\lab 4\lp_lab04\lp_lab04\debug\lp_lab04.tlog\link.read.1.tlog
f:\бгту\яп\lab 4\lp_lab04\lp_lab04\debug\lp_lab04.tlog\link.write.1.tlog
