Сборка начата 04.06.2019 11:41:35.
     1>Проект "C:\БГТУ\ЯП\lab (3 asm)\Project1\Project1\Project1.vcxproj" в узле 2 (целевые объекты Build).
     1>PrepareForBuild:
         Создание каталога "C:\БГТУ\ЯП\lab (3 asm)\Project1\Debug\".
         Создание каталога "Debug\Project1.tlog\".
       InitializeBuildStatus:
         Создание "Debug\Project1.tlog\unsuccessfulbuild", так как было задано "AlwaysCreate".
       _MASM:
         Assembling Source.asm...
         cmd.exe /C "C:\Users\Senior Programmer\AppData\Local\Temp\tmpbd5111b715104e75a333b30161fcbc38.cmd"
         ml.exe /c /nologo /Zi /Fo"Debug\Source.obj" /Fl"Debug\\" /W3 /errorReport:prompt  /TaSource.asm
       Link:
         C:\Program Files (x86)\Microsoft Visual Studio\2017\Community\VC\Tools\MSVC\14.16.27023\bin\HostX86\x86\link.exe /ERRORREPORT:PROMPT /OUT:"C:\БГТУ\ЯП\lab (3 asm)\Project1\Debug\Project1.exe" /INCREMENTAL /NOLOGO kernel32.lib user32.lib gdi32.lib winspool.lib comdlg32.lib advapi32.lib shell32.lib ole32.lib oleaut32.lib uuid.lib odbc32.lib odbccp32.lib /MANIFEST /MANIFESTUAC:"level='asInvoker' uiAccess='false'" /manifest:embed /DEBUG:FASTLINK /PDB:"C:\БГТУ\ЯП\lab (3 asm)\Project1\Debug\Project1.pdb" /SUBSYSTEM:WINDOWS /TLBID:1 /DYNAMICBASE /NXCOMPAT /IMPLIB:"C:\БГТУ\ЯП\lab (3 asm)\Project1\Debug\Project1.lib" /MACHINE:X86 Debug\Source.obj
         Project1.vcxproj -> C:\БГТУ\ЯП\lab (3 asm)\Project1\Debug\Project1.exe
       FinalizeBuildStatus:
         Файл "Debug\Project1.tlog\unsuccessfulbuild" удаляется.
         Обращение к "Debug\Project1.tlog\Project1.lastbuildstate".
     1>Сборка проекта "C:\БГТУ\ЯП\lab (3 asm)\Project1\Project1\Project1.vcxproj" завершена (целевые объекты Build).

Сборка успешно завершена.
    Предупреждений: 0
    Ошибок: 0

Прошло времени 00:00:01.20
