Сборка начата 03.09.2019 16:27:53.
     1>Проект "C:\БГТУ\ЯП\lab_13\LP_Lab13\LP_Lab13\LP_Lab13.vcxproj" в узле 2 (целевые объекты Build).
     1>InitializeBuildStatus:
         Создание "Debug\LP_Lab13.tlog\unsuccessfulbuild", так как было задано "AlwaysCreate".
       ClCompile:
         C:\Program Files (x86)\Microsoft Visual Studio\2017\Community\VC\Tools\MSVC\14.16.27023\bin\HostX86\x86\CL.exe /c /ZI /JMC /nologo /W3 /WX- /diagnostics:classic /sdl /Od /Oy- /D _MBCS /Gm- /EHsc /RTC1 /MDd /GS /fp:precise /permissive- /Zc:wchar_t /Zc:forScope /Zc:inline /Fo"Debug\\" /Fd"Debug\vc141.pdb" /Gd /TP /analyze- /FC /errorReport:prompt In.cpp LB_Lab13.cpp Log.cpp
         In.cpp
         LB_Lab13.cpp
         Log.cpp
         Создание кода...
       Link:
         C:\Program Files (x86)\Microsoft Visual Studio\2017\Community\VC\Tools\MSVC\14.16.27023\bin\HostX86\x86\link.exe /ERRORREPORT:PROMPT /OUT:"C:\БГТУ\ЯП\lab_13\LP_Lab13\Debug\LP_Lab13.exe" /INCREMENTAL /NOLOGO kernel32.lib user32.lib gdi32.lib winspool.lib comdlg32.lib advapi32.lib shell32.lib ole32.lib oleaut32.lib uuid.lib odbc32.lib odbccp32.lib /MANIFEST /MANIFESTUAC:"level='asInvoker' uiAccess='false'" /manifest:embed /DEBUG:FASTLINK /PDB:"C:\БГТУ\ЯП\lab_13\LP_Lab13\Debug\LP_Lab13.pdb" /TLBID:1 /DYNAMICBASE /NXCOMPAT /IMPLIB:"C:\БГТУ\ЯП\lab_13\LP_Lab13\Debug\LP_Lab13.lib" /MACHINE:X86 Debug\Error.obj
         Debug\FST.obj
         Debug\In.obj
         Debug\LB_Lab13.obj
         Debug\Log.obj
         Debug\Parm.obj
         LP_Lab13.vcxproj -> C:\БГТУ\ЯП\lab_13\LP_Lab13\Debug\LP_Lab13.exe
       FinalizeBuildStatus:
         Файл "Debug\LP_Lab13.tlog\unsuccessfulbuild" удаляется.
         Обращение к "Debug\LP_Lab13.tlog\LP_Lab13.lastbuildstate".
     1>Сборка проекта "C:\БГТУ\ЯП\lab_13\LP_Lab13\LP_Lab13\LP_Lab13.vcxproj" завершена (целевые объекты Build).

Сборка успешно завершена.
    Предупреждений: 0
    Ошибок: 0

Прошло времени 00:00:04.44
