Сборка начата 06.07.2019 12:33:27.
     1>Проект "C:\БГТУ\ЯП\lab_8\LP_Lab08S\LP_Lab08L\LP_Lab08L.vcxproj" в узле 2 (целевые объекты Rebuild).
     1>_PrepareForClean:
         Файл "Debug\LP_Lab08L.tlog\LP_Lab08L.lastbuildstate" удаляется.
       InitializeBuildStatus:
         Создание "Debug\LP_Lab08L.tlog\unsuccessfulbuild", так как было задано "AlwaysCreate".
       ClCompile:
         C:\Program Files (x86)\Microsoft Visual Studio\2017\Community\VC\Tools\MSVC\14.16.27023\bin\HostX86\x86\CL.exe /c /ZI /JMC /nologo /W3 /WX- /diagnostics:classic /sdl /Od /Oy- /D WIN32 /D _DEBUG /D _LIB /D _UNICODE /D UNICODE /Gm- /EHsc /RTC1 /MDd /GS /fp:precise /permissive- /Zc:wchar_t /Zc:forScope /Zc:inline /Yc"stdafx.h" /Fp"Debug\LP_Lab08L.pch" /Fo"Debug\\" /Fd"Debug\LP_Lab08L.pdb" /Gd /TP /analyze- /FC /errorReport:prompt stdafx.cpp
         stdafx.cpp
         C:\Program Files (x86)\Microsoft Visual Studio\2017\Community\VC\Tools\MSVC\14.16.27023\bin\HostX86\x86\CL.exe /c /ZI /JMC /nologo /W3 /WX- /diagnostics:classic /sdl /Od /Oy- /D WIN32 /D _DEBUG /D _LIB /D _UNICODE /D UNICODE /Gm- /EHsc /RTC1 /MDd /GS /fp:precise /permissive- /Zc:wchar_t /Zc:forScope /Zc:inline /Yu"stdafx.h" /Fp"Debug\LP_Lab08L.pch" /Fo"Debug\\" /Fd"Debug\LP_Lab08L.pdb" /Gd /TP /analyze- /FC /errorReport:prompt Dictionary.cpp
         Dictionary.cpp
       Lib:
         C:\Program Files (x86)\Microsoft Visual Studio\2017\Community\VC\Tools\MSVC\14.16.27023\bin\HostX86\x86\Lib.exe /OUT:"C:\БГТУ\ЯП\lab_8\LP_Lab08S\Debug\LP_Lab08L.lib" /NOLOGO Debug\Dictionary.obj
         Debug\stdafx.obj
         LP_Lab08L.vcxproj -> C:\БГТУ\ЯП\lab_8\LP_Lab08S\Debug\LP_Lab08L.lib
       CopyFilesToOutputDirectory:
         Копирование файла из "Debug\LP_Lab08L.pdb" в "C:\БГТУ\ЯП\lab_8\LP_Lab08S\Debug\LP_Lab08L.pdb".
       FinalizeBuildStatus:
         Файл "Debug\LP_Lab08L.tlog\unsuccessfulbuild" удаляется.
         Обращение к "Debug\LP_Lab08L.tlog\LP_Lab08L.lastbuildstate".
     1>Сборка проекта "C:\БГТУ\ЯП\lab_8\LP_Lab08S\LP_Lab08L\LP_Lab08L.vcxproj" завершена (целевые объекты Rebuild).

Сборка успешно завершена.
    Предупреждений: 0
    Ошибок: 0

Прошло времени 00:00:01.79
