Microsoft (R) Macro Assembler Version 14.16.27027.1	    06/03/19 23:51:47
Asm02.asm						     Page 1 - 1


				.586P																; система команд (процессор Pentium)
				.MODEL FLAT, STDCALL 												; модель памяти, Плоская модель памяти , соглашение о вызовах
				includelib kernel32.lib 											; компановщику: компоновать с kerne132 	
				includelib user32.lib
																						
				ExitProcess PROTO : DWORD 											; прототип функции для завершения процесса Windows	
				MessageBoxA PROTO : DWORD, : DWORD, : DWORD, : DWORD 				; прототип API-функции МеssagеВохА 	
																						
				.STACK 4096 														; вьдепение стека объемом 4 мегабайта 	
																						
 00000000			.CONST 																; сегмент констант 	
																						
 00000000			.DATA 																; сегмент данных	
 = 00000000			MB_OK   EQU  0 														; EQU определяет константу	
 00000000 CC EE FF 20 EF	STR1    DB   "Моя первая программа", 0 								; строка, первый элемент данные + нулевой бит	
	   E5 F0 E2 E0 FF
	   20 EF F0 EE E3
	   F0 E0 EC EC E0
	   00
 00000015 D0 E5 E7 F3 EB	STR2    DB   "Результат = "											; строка, первый элемент данные 
	   FC F2 E0 F2 20
	   3D 20
 00000021 00000002		number_2    DD   2
 00000025 00000003		number_1    DD   3
 00000029 00000000		HW      DD ? 															; двойное слово длиной 4 байта, неинициапицировано 	
																						
 00000000			.CODE 																; сегмент кода 	
																						
 00000000			main PROC 															; точка входа main 	
 00000000			START :																; метка 													
						
 00000000  A1 00000025 R			mov eax, number_1
 00000005  01 05 00000021 R			add number_2,eax
 0000000B  83 05 00000021 R			add number_2, '0'
	   30

						INVOKE MessageBoxA, HW, OFFSET STR2, OFFSET STR1, MB_OK			
									
 00000029  6A FF			push - 1 														; код возврата процесса Windows(параметр ExitProcess)	
 0000002B  E8 00000000 E		call ExitProcess 												; так завершается любой процесс Windows 																			
 00000030			main ENDP 															; конец процедуры		
																						
				end main															; конец модуля main 	
Microsoft (R) Macro Assembler Version 14.16.27027.1	    06/03/19 23:51:47
Asm02.asm						     Symbols 2 - 1




Segments and Groups:

                N a m e                 Size     Length   Align   Combine Class

CONST  . . . . . . . . . . . . .	32 Bit	 00000000 Para	  Public  'CONST'	 ReadOnly
FLAT . . . . . . . . . . . . . .	GROUP
STACK  . . . . . . . . . . . . .	32 Bit	 00001000 Para	  Stack	  'STACK'	 
_DATA  . . . . . . . . . . . . .	32 Bit	 0000002D Para	  Public  'DATA'	
_TEXT  . . . . . . . . . . . . .	32 Bit	 00000030 Para	  Public  'CODE'	


Procedures, parameters, and locals:

                N a m e                 Type     Value    Attr

ExitProcess  . . . . . . . . . .	P Near	 00000000 FLAT	Length= 00000000 External STDCALL
MessageBoxA  . . . . . . . . . .	P Near	 00000000 FLAT	Length= 00000000 External STDCALL
main . . . . . . . . . . . . . .	P Near	 00000000 _TEXT	Length= 00000030 Public STDCALL
  START  . . . . . . . . . . . .	L Near	 00000000 _TEXT	


Symbols:

                N a m e                 Type     Value    Attr

@CodeSize  . . . . . . . . . . .	Number	 00000000h   
@DataSize  . . . . . . . . . . .	Number	 00000000h   
@Interface . . . . . . . . . . .	Number	 00000003h   
@Model . . . . . . . . . . . . .	Number	 00000007h   
@code  . . . . . . . . . . . . .	Text   	 _TEXT
@data  . . . . . . . . . . . . .	Text   	 FLAT
@fardata?  . . . . . . . . . . .	Text   	 FLAT
@fardata . . . . . . . . . . . .	Text   	 FLAT
@stack . . . . . . . . . . . . .	Text   	 FLAT
HW . . . . . . . . . . . . . . .	DWord	 00000029 _DATA	
MB_OK  . . . . . . . . . . . . .	Number	 00000000h   
STR1 . . . . . . . . . . . . . .	Byte	 00000000 _DATA	
STR2 . . . . . . . . . . . . . .	Byte	 00000015 _DATA	
number_1 . . . . . . . . . . . .	DWord	 00000025 _DATA	
number_2 . . . . . . . . . . . .	DWord	 00000021 _DATA	

	   0 Warnings
	   0 Errors
