Сборка начата 13.12.2019 12:49:57.
     1>Проект "C:\БГТУ\ЯП\lab_17\lab17\Project1\LP_asm01a\LP_asm01a.vcxproj" в узле 2 (целевые объекты Rebuild).
     1>_PrepareForClean:
         Файл "Debug\LP_asm01a.tlog\LP_asm01a.lastbuildstate" удаляется.
       InitializeBuildStatus:
         Создание "Debug\LP_asm01a.tlog\unsuccessfulbuild", так как было задано "AlwaysCreate".
       _MASM:
         Assembling LP_asm01a.asm...
         cmd.exe /C "C:\Users\Senior Programmer\AppData\Local\Temp\tmpaf377b040336420f932315eb3e838cf9.cmd"
         ml.exe /c /nologo /Zi /Fo"Debug\LP_asm01a.obj" /Fl"Debug\\" /W3 /errorReport:prompt  /TaLP_asm01a.asm
       Lib:
         C:\Program Files (x86)\Microsoft Visual Studio\2017\Community\VC\Tools\MSVC\14.16.27023\bin\HostX86\x86\Lib.exe /OUT:"C:\БГТУ\ЯП\lab_17\lab17\Project1\Debug\LP_asm01a.lib" /NOLOGO Debug\LP_asm01a.obj
         LP_asm01a.vcxproj -> C:\БГТУ\ЯП\lab_17\lab17\Project1\Debug\LP_asm01a.lib
       FinalizeBuildStatus:
         Файл "Debug\LP_asm01a.tlog\unsuccessfulbuild" удаляется.
         Обращение к "Debug\LP_asm01a.tlog\LP_asm01a.lastbuildstate".
     1>Сборка проекта "C:\БГТУ\ЯП\lab_17\lab17\Project1\LP_asm01a\LP_asm01a.vcxproj" завершена (целевые объекты Rebuild).

Сборка успешно завершена.
    Предупреждений: 0
    Ошибок: 0

Прошло времени 00:00:00.52
